
(unity-panel-service:1311): Indicator-Appmenu-CRITICAL **: window_menu_model_new: assertion 'BAMF_IS_APPLICATION(app)' failed

(unity-panel-service:1311): Indicator-Appmenu-CRITICAL **: track_menus: assertion 'IS_WINDOW_MENU(menus)' failed

(unity-panel-service:1311): Indicator-Appmenu-CRITICAL **: window_menu_model_new: assertion 'BAMF_IS_APPLICATION(app)' failed

(unity-panel-service:1311): Indicator-Appmenu-CRITICAL **: track_menus: assertion 'IS_WINDOW_MENU(menus)' failed

(unity-panel-service:1311): Indicator-Appmenu-CRITICAL **: window_menu_model_new: assertion 'BAMF_IS_APPLICATION(app)' failed

(unity-panel-service:1311): Indicator-Appmenu-CRITICAL **: track_menus: assertion 'IS_WINDOW_MENU(menus)' failed

(unity-panel-service:1311): Indicator-Appmenu-CRITICAL **: window_menu_model_new: assertion 'BAMF_IS_APPLICATION(app)' failed

(unity-panel-service:1311): Indicator-Appmenu-CRITICAL **: track_menus: assertion 'IS_WINDOW_MENU(menus)' failed

** (unity-panel-service:1311): WARNING **: Failed to fetch property `_GTK_UNIQUE_BUS_NAME': Se alcanzó el tiempo de expiración

(unity-panel-service:1311): Indicator-Appmenu-CRITICAL **: track_menus: assertion 'IS_WINDOW_MENU(menus)' failed

(unity-panel-service:1311): Indicator-Appmenu-CRITICAL **: menus_destroyed: assertion 'IS_WINDOW_MENU(wm)' failed

(unity-panel-service:1311): Indicator-Appmenu-CRITICAL **: menus_destroyed: assertion 'IS_WINDOW_MENU(wm)' failed

(unity-panel-service:1311): Indicator-Appmenu-WARNING **: Already have a menu for window ID 56623120 with path /com/canonical/menu/3600010 from :1.134, unregistering that one

(unity-panel-service:1311): Gtk-CRITICAL **: gtk_label_set_text_with_mnemonic: assertion 'str != NULL' failed

(unity-panel-service:1311): Gtk-CRITICAL **: gtk_label_set_text_with_mnemonic: assertion 'str != NULL' failed

(unity-panel-service:1311): Gtk-CRITICAL **: gtk_label_set_text_with_mnemonic: assertion 'str != NULL' failed

(unity-panel-service:1311): Gtk-CRITICAL **: gtk_label_set_text_with_mnemonic: assertion 'str != NULL' failed

(unity-panel-service:1311): Gtk-CRITICAL **: gtk_label_set_text_with_mnemonic: assertion 'str != NULL' failed

(unity-panel-service:1311): Gtk-CRITICAL **: gtk_label_set_text_with_mnemonic: assertion 'str != NULL' failed

(unity-panel-service:1311): Gtk-CRITICAL **: gtk_label_set_text_with_mnemonic: assertion 'str != NULL' failed

(unity-panel-service:1311): Gtk-CRITICAL **: gtk_label_set_text_with_mnemonic: assertion 'str != NULL' failed

(unity-panel-service:1311): Gtk-CRITICAL **: gtk_label_set_text_with_mnemonic: assertion 'str != NULL' failed

(unity-panel-service:1311): Gtk-CRITICAL **: gtk_label_set_text_with_mnemonic: assertion 'str != NULL' failed

(unity-panel-service:1311): Gtk-CRITICAL **: gtk_label_set_text_with_mnemonic: assertion 'str != NULL' failed

(unity-panel-service:1311): Gtk-CRITICAL **: gtk_label_set_text_with_mnemonic: assertion 'str != NULL' failed

(unity-panel-service:1311): Gtk-CRITICAL **: gtk_label_set_text_with_mnemonic: assertion 'str != NULL' failed

(unity-panel-service:1311): Gtk-CRITICAL **: gtk_label_set_text_with_mnemonic: assertion 'str != NULL' failed

(unity-panel-service:1311): Gtk-CRITICAL **: gtk_label_set_text_with_mnemonic: assertion 'str != NULL' failed

(unity-panel-service:1311): Gtk-CRITICAL **: gtk_label_set_text_with_mnemonic: assertion 'str != NULL' failed

(unity-panel-service:1311): Indicator-Appmenu-CRITICAL **: menus_destroyed: assertion 'IS_WINDOW_MENU(wm)' failed

(unity-panel-service:1311): Indicator-Appmenu-CRITICAL **: menus_destroyed: assertion 'IS_WINDOW_MENU(wm)' failed

(unity-panel-service:1311): Gtk-CRITICAL **: gtk_label_set_text_with_mnemonic: assertion 'str != NULL' failed

(unity-panel-service:1311): Indicator-Appmenu-CRITICAL **: menus_destroyed: assertion 'IS_WINDOW_MENU(wm)' failed

(unity-panel-service:1311): Indicator-Appmenu-CRITICAL **: menus_destroyed: assertion 'IS_WINDOW_MENU(wm)' failed

(unity-panel-service:1311): Indicator-Appmenu-CRITICAL **: menus_destroyed: assertion 'IS_WINDOW_MENU(wm)' failed

(unity-panel-service:1311): Indicator-Appmenu-CRITICAL **: menus_destroyed: assertion 'IS_WINDOW_MENU(wm)' failed

(unity-panel-service:1311): Indicator-Appmenu-CRITICAL **: menus_destroyed: assertion 'IS_WINDOW_MENU(wm)' failed

(unity-panel-service:1311): Indicator-Appmenu-CRITICAL **: menus_destroyed: assertion 'IS_WINDOW_MENU(wm)' failed

(unity-panel-service:1311): Indicator-Appmenu-CRITICAL **: menus_destroyed: assertion 'IS_WINDOW_MENU(wm)' failed

(unity-panel-service:1311): Indicator-Appmenu-CRITICAL **: menus_destroyed: assertion 'IS_WINDOW_MENU(wm)' failed

(unity-panel-service:1311): Gtk-CRITICAL **: gtk_label_set_text_with_mnemonic: assertion 'str != NULL' failed

(unity-panel-service:1311): Gtk-CRITICAL **: gtk_label_set_text_with_mnemonic: assertion 'str != NULL' failed

(unity-panel-service:1311): Gtk-CRITICAL **: gtk_label_set_text_with_mnemonic: assertion 'str != NULL' failed

(unity-panel-service:1311): Gtk-CRITICAL **: gtk_label_set_text_with_mnemonic: assertion 'str != NULL' failed

(unity-panel-service:1311): Gtk-CRITICAL **: gtk_label_set_text_with_mnemonic: assertion 'str != NULL' failed

(unity-panel-service:1311): Gtk-CRITICAL **: gtk_label_set_text_with_mnemonic: assertion 'str != NULL' failed

(unity-panel-service:1311): Indicator-Appmenu-CRITICAL **: menus_destroyed: assertion 'IS_WINDOW_MENU(wm)' failed

(unity-panel-service:1311): Indicator-Appmenu-CRITICAL **: window_menu_model_new: assertion 'BAMF_IS_APPLICATION(app)' failed

(unity-panel-service:1311): Indicator-Appmenu-CRITICAL **: track_menus: assertion 'IS_WINDOW_MENU(menus)' failed

(unity-panel-service:1311): Indicator-Appmenu-CRITICAL **: menus_destroyed: assertion 'IS_WINDOW_MENU(wm)' failed

(unity-panel-service:1311): Indicator-Appmenu-CRITICAL **: menus_destroyed: assertion 'IS_WINDOW_MENU(wm)' failed

(unity-panel-service:1311): Indicator-Appmenu-CRITICAL **: menus_destroyed: assertion 'IS_WINDOW_MENU(wm)' failed

(unity-panel-service:1311): Indicator-Appmenu-CRITICAL **: menus_destroyed: assertion 'IS_WINDOW_MENU(wm)' failed

(unity-panel-service:1311): Indicator-Appmenu-CRITICAL **: menus_destroyed: assertion 'IS_WINDOW_MENU(wm)' failed

(unity-panel-service:1311): Indicator-Appmenu-CRITICAL **: menus_destroyed: assertion 'IS_WINDOW_MENU(wm)' failed

(unity-panel-service:1311): Indicator-Appmenu-CRITICAL **: menus_destroyed: assertion 'IS_WINDOW_MENU(wm)' failed

(unity-panel-service:1311): Indicator-Appmenu-CRITICAL **: menus_destroyed: assertion 'IS_WINDOW_MENU(wm)' failed

(unity-panel-service:1311): Indicator-Appmenu-CRITICAL **: menus_destroyed: assertion 'IS_WINDOW_MENU(wm)' failed

(unity-panel-service:1311): Indicator-Appmenu-CRITICAL **: menus_destroyed: assertion 'IS_WINDOW_MENU(wm)' failed

(unity-panel-service:1311): Indicator-Appmenu-CRITICAL **: menus_destroyed: assertion 'IS_WINDOW_MENU(wm)' failed

(unity-panel-service:1311): Indicator-Appmenu-CRITICAL **: menus_destroyed: assertion 'IS_WINDOW_MENU(wm)' failed

(unity-panel-service:1311): Indicator-Appmenu-CRITICAL **: menus_destroyed: assertion 'IS_WINDOW_MENU(wm)' failed
